<?xml version="1.0" encoding="UTF-8"?>
<coverage generated="1636014041964" clover="3.2.0">
  <project timestamp="1636014041964" name="All files">
    <metrics statements="12" coveredstatements="12" conditionals="10" coveredconditionals="10" methods="3" coveredmethods="3" elements="25" coveredelements="25" complexity="0" loc="12" ncloc="12" packages="1" files="1" classes="1"/>
    <file name="main.ts" path="C:\material\babel-plugin-console\main.ts">
      <metrics statements="12" coveredstatements="12" conditionals="10" coveredconditionals="10" methods="3" coveredmethods="3"/>
      <line num="1" count="1" type="stmt"/>
      <line num="2" count="1" type="stmt"/>
      <line num="5" count="10" type="stmt"/>
      <line num="6" count="10" type="stmt"/>
      <line num="8" count="10" type="cond" truecount="4" falsecount="0"/>
      <line num="9" count="2" type="stmt"/>
      <line num="10" count="2" type="stmt"/>
      <line num="15" count="4" type="stmt"/>
      <line num="16" count="4" type="stmt"/>
      <line num="18" count="4" type="cond" truecount="4" falsecount="0"/>
      <line num="19" count="2" type="cond" truecount="2" falsecount="0"/>
      <line num="20" count="1" type="stmt"/>
    </file>
  </project>
</coverage>
